  Layer.cpp
C:\GitHub\BTL-C--PTIT\AirPlane\Layer.cpp(17,50): warning C4244: 'argument': conversion from 'T' to 'T', possible loss of data
C:\GitHub\BTL-C--PTIT\AirPlane\Layer.cpp(17,50): warning C4244:         with
C:\GitHub\BTL-C--PTIT\AirPlane\Layer.cpp(17,50): warning C4244:         [
C:\GitHub\BTL-C--PTIT\AirPlane\Layer.cpp(17,50): warning C4244:             T=int
C:\GitHub\BTL-C--PTIT\AirPlane\Layer.cpp(17,50): warning C4244:         ]
C:\GitHub\BTL-C--PTIT\AirPlane\Layer.cpp(17,50): warning C4244:         and
C:\GitHub\BTL-C--PTIT\AirPlane\Layer.cpp(17,50): warning C4244:         [
C:\GitHub\BTL-C--PTIT\AirPlane\Layer.cpp(17,50): warning C4244:             T=float
C:\GitHub\BTL-C--PTIT\AirPlane\Layer.cpp(17,50): warning C4244:         ]
C:\GitHub\BTL-C--PTIT\AirPlane\Layer.cpp(27,41): warning C4244: 'argument': conversion from 'T' to 'float', possible loss of data
C:\GitHub\BTL-C--PTIT\AirPlane\Layer.cpp(27,41): warning C4244:         with
C:\GitHub\BTL-C--PTIT\AirPlane\Layer.cpp(27,41): warning C4244:         [
C:\GitHub\BTL-C--PTIT\AirPlane\Layer.cpp(27,41): warning C4244:             T=int
C:\GitHub\BTL-C--PTIT\AirPlane\Layer.cpp(27,41): warning C4244:         ]
C:\GitHub\BTL-C--PTIT\AirPlane\Layer.cpp(30,41): warning C4244: 'argument': conversion from 'T' to 'float', possible loss of data
C:\GitHub\BTL-C--PTIT\AirPlane\Layer.cpp(30,41): warning C4244:         with
C:\GitHub\BTL-C--PTIT\AirPlane\Layer.cpp(30,41): warning C4244:         [
C:\GitHub\BTL-C--PTIT\AirPlane\Layer.cpp(30,41): warning C4244:             T=int
C:\GitHub\BTL-C--PTIT\AirPlane\Layer.cpp(30,41): warning C4244:         ]
  ParallexBackground.cpp
  main.cpp
  Generating Code...
  AirPlane.vcxproj -> C:\GitHub\BTL-C--PTIT\Debug\AirPlane.exe
